src/experiences/auth/EmailOtpPage.tsx(1,8): error TS6133: 'React' is declared but its value is never read.
src/experiences/auth/ForgotPasswordPage.tsx(12,1): error TS6133: 'ApiException' is declared but its value is never read.
src/experiences/auth/LoginPage.tsx(4,28): error TS6133: 'CheckCircle' is declared but its value is never read.
src/experiences/auth/SetPasswordPage.tsx(11,1): error TS6133: 'authService' is declared but its value is never read.
src/experiences/auth/SignupPage.tsx(1,38): error TS6133: 'useCallback' is declared but its value is never read.
src/experiences/auth/SignupPage.tsx(4,10): error TS6133: 'AtSign' is declared but its value is never read.
src/experiences/broadcast/BroadcastPage.tsx(1,1): error TS6133: 'React' is declared but its value is never read.
src/experiences/chats/ArchivedChatsPage.tsx(1,1): error TS6133: 'React' is declared but its value is never read.
src/experiences/chats/ChatsPage.tsx(1,1): error TS6133: 'React' is declared but its value is never read.
src/experiences/chats/ChatsPage.tsx(5,10): error TS6133: 'GlassCard' is declared but its value is never read.
src/experiences/chats/NewGroupPage.tsx(1,1): error TS6133: 'React' is declared but its value is never read.
src/experiences/chats/StarredMessagesPage.tsx(1,1): error TS6133: 'React' is declared but its value is never read.
src/experiences/feed/FeedPage.tsx(1,1): error TS6133: 'React' is declared but its value is never read.
src/experiences/friends/FriendsPage.tsx(1,1): error TS6133: 'React' is declared but its value is never read.
src/experiences/friends/FriendsPage.tsx(3,18): error TS6133: 'UserPlus' is declared but its value is never read.
src/experiences/friends/FriendsPage.tsx(3,28): error TS6133: 'UserCheck' is declared but its value is never read.
src/experiences/friends/FriendsPage.tsx(4,33): error TS6133: 'PravaButton' is declared but its value is never read.
src/experiences/notifications/NotificationsPage.tsx(1,1): error TS6133: 'React' is declared but its value is never read.
src/experiences/notifications/NotificationsPage.tsx(4,1): error TS6192: All imports in import declaration are unused.
src/experiences/profile/ProfilePage.tsx(1,1): error TS6133: 'React' is declared but its value is never read.
src/experiences/profile/ProfilePage.tsx(5,21): error TS6133: 'PravaButton' is declared but its value is never read.
src/experiences/search/SearchPage.tsx(1,8): error TS6133: 'React' is declared but its value is never read.
src/experiences/settings/AccountInfoPage.tsx(1,1): error TS6133: 'React' is declared but its value is never read.
src/experiences/settings/BlockedAccountsPage.tsx(1,1): error TS6133: 'React' is declared but its value is never read.
src/experiences/settings/DataExportPage.tsx(1,1): error TS6133: 'React' is declared but its value is never read.
src/experiences/settings/DevicesPage.tsx(1,1): error TS6133: 'React' is declared but its value is never read.
src/experiences/settings/DevicesPage.tsx(4,58): error TS6133: 'CheckCircle' is declared but its value is never read.
src/experiences/settings/HandleLinksPage.tsx(1,1): error TS6133: 'React' is declared but its value is never read.
src/experiences/settings/HandleLinksPage.tsx(4,45): error TS6133: 'Check' is declared but its value is never read.
src/experiences/settings/LanguagePage.tsx(1,1): error TS6133: 'React' is declared but its value is never read.
src/experiences/settings/LegalPage.tsx(1,1): error TS6133: 'React' is declared but its value is never read.
src/experiences/settings/MutedWordsPage.tsx(1,1): error TS6133: 'React' is declared but its value is never read.
src/experiences/settings/SecurityCenterPage.tsx(1,1): error TS6133: 'React' is declared but its value is never read.
src/experiences/settings/SecurityCenterPage.tsx(4,46): error TS6133: 'CheckCircle' is declared but its value is never read.
src/experiences/settings/SettingsPage.tsx(46,27): error TS6133: 'i' is declared but its value is never read.
src/experiences/support/SupportPage.tsx(1,1): error TS6133: 'React' is declared but its value is never read.
src/ui-system/components/OtpInput.tsx(1,8): error TS6133: 'React' is declared but its value is never read.
src/ui-system/components/PravaBackground.tsx(1,1): error TS6133: 'React' is declared but its value is never read.
